<?xml version="1.0" encoding="UTF-8"?>
<testng-results skipped="0" failed="0" ignored="0" total="2" passed="2">
  <reporter-output>
  </reporter-output>
  <suite name="Default suite" duration-ms="137487" started-at="2020-07-16T16:02:15Z" finished-at="2020-07-16T16:04:33Z">
    <groups>
    </groups>
    <test name="Default test" duration-ms="137487" started-at="2020-07-16T16:02:15Z" finished-at="2020-07-16T16:04:33Z">
      <class name="Execution.TestCases">
        <test-method status="PASS" signature="Initialize()[pri:0, instance:Execution.TestCases@3632be31]" name="Initialize" is-config="true" duration-ms="11080" started-at="2020-07-16T21:32:15Z" finished-at="2020-07-16T21:32:26Z">
          <reporter-output>
          </reporter-output>
        </test-method> <!-- Initialize -->
        <test-method status="PASS" signature="verifyContact()[pri:0, instance:Execution.TestCases@3632be31]" name="verifyContact" duration-ms="38908" started-at="2020-07-16T21:32:26Z" finished-at="2020-07-16T21:33:05Z">
          <reporter-output>
          </reporter-output>
        </test-method> <!-- verifyContact -->
        <test-method status="PASS" signature="verifylinks()[pri:1, instance:Execution.TestCases@3632be31]" name="verifylinks" duration-ms="87462" started-at="2020-07-16T21:33:05Z" finished-at="2020-07-16T21:34:33Z">
          <reporter-output>
          </reporter-output>
        </test-method> <!-- verifylinks -->
        <test-method status="PASS" signature="close()[pri:0, instance:Execution.TestCases@3632be31]" name="close" is-config="true" duration-ms="3" started-at="2020-07-16T21:34:33Z" finished-at="2020-07-16T21:34:33Z">
          <reporter-output>
          </reporter-output>
        </test-method> <!-- close -->
      </class> <!-- Execution.TestCases -->
    </test> <!-- Default test -->
  </suite> <!-- Default suite -->
</testng-results>
